Unity Editor version:    2021.3.21f1 (1b156197d683)
Branch:                  2021.3/staging
Build type:              Release
Batch mode:              YES
macOS version:           Version 13.2.1 (Build 22D68)
Darwin version:          22.3.0
Architecture:            arm64
Running under Rosetta:   NO
Available memory:        8192 MB
Using pre-set license
Pro License: YES

COMMAND LINE ARGUMENTS:
/Volumes/KingSSD/Unity/2021.3.21f1/Unity.app/Contents/MacOS/Unity
-adb2
-batchMode
-noUpm
-name
AssetImportWorker0
-projectPath
/Volumes/KingSSD/Unity/My project
-logFile
Logs/AssetImportWorker0.log
-srvPort
65177
Successfully changed project path to: /Volumes/KingSSD/Unity/My project
/Volumes/KingSSD/Unity/My project
[UnityMemory] Configuration Parameters - Can be set up in boot.config
    "memorysetup-bucket-allocator-granularity=16"
    "memorysetup-bucket-allocator-bucket-count=8"
    "memorysetup-bucket-allocator-block-size=33554432"
    "memorysetup-bucket-allocator-block-count=8"
    "memorysetup-main-allocator-block-size=16777216"
    "memorysetup-thread-allocator-block-size=16777216"
    "memorysetup-gfx-main-allocator-block-size=16777216"
    "memorysetup-gfx-thread-allocator-block-size=16777216"
    "memorysetup-cache-allocator-block-size=4194304"
    "memorysetup-typetree-allocator-block-size=2097152"
    "memorysetup-profiler-bucket-allocator-granularity=16"
    "memorysetup-profiler-bucket-allocator-bucket-count=8"
    "memorysetup-profiler-bucket-allocator-block-size=33554432"
    "memorysetup-profiler-bucket-allocator-block-count=8"
    "memorysetup-profiler-allocator-block-size=16777216"
    "memorysetup-profiler-editor-allocator-block-size=1048576"
    "memorysetup-temp-allocator-size-main=16777216"
    "memorysetup-job-temp-allocator-block-size=2097152"
    "memorysetup-job-temp-allocator-block-size-background=1048576"
    "memorysetup-job-temp-allocator-reduction-small-platforms=262144"
    "memorysetup-temp-allocator-size-background-worker=32768"
    "memorysetup-temp-allocator-size-job-worker=262144"
    "memorysetup-temp-allocator-size-preload-manager=33554432"
    "memorysetup-temp-allocator-size-nav-mesh-worker=65536"
    "memorysetup-temp-allocator-size-audio-worker=65536"
    "memorysetup-temp-allocator-size-cloud-worker=32768"
    "memorysetup-temp-allocator-size-gi-baking-worker=262144"
    "memorysetup-temp-allocator-size-gfx=262144"
Player connection [8370700608] Host "[IP] 192.168.13.40 [Port] 0 [Flags] 2 [Guid] 1490975485 [EditorId] 1490975485 [Version] 1048832 [Id] OSXEditor(0,Evgenijs-Mac-mini.local) [Debug] 1 [PackageName] OSXEditor [ProjectName] Editor" joined multi-casting on [225.0.0.222:54997]...

Player connection [8370700608] Host "[IP] 192.168.13.40 [Port] 0 [Flags] 2 [Guid] 1490975485 [EditorId] 1490975485 [Version] 1048832 [Id] OSXEditor(0,Evgenijs-Mac-mini.local) [Debug] 1 [PackageName] OSXEditor [ProjectName] Editor" joined alternative multi-casting on [225.0.0.222:34997]...

Refreshing native plugins compatible for Editor in 165.46 ms, found 2 plugins.
Preloading 0 native plugins for Editor in 0.00 ms.
Initialize engine version: 2021.3.21f1 (1b156197d683)
[Subsystems] Discovering subsystems at path /Volumes/KingSSD/Unity/2021.3.21f1/Unity.app/Contents/Resources/UnitySubsystems
[Subsystems] Discovering subsystems at path /Volumes/KingSSD/Unity/My project/Assets
GfxDevice: creating device client; threaded=0; jobified=0
 preferred device: Apple M1 (high power)
Metal devices available: 1
0: Apple M1 (high power)
Using device Apple M1 (high power)
Initializing Metal device caps: Apple M1
Initialize mono
Mono path[0] = '/Volumes/KingSSD/Unity/2021.3.21f1/Unity.app/Contents/Managed'
Mono path[1] = '/Volumes/KingSSD/Unity/2021.3.21f1/Unity.app/Contents/MonoBleedingEdge/lib/mono/unityjit-macos'
Mono config path = '/Volumes/KingSSD/Unity/2021.3.21f1/Unity.app/Contents/MonoBleedingEdge/etc'
Using monoOptions --debugger-agent=transport=dt_socket,embedding=1,server=y,suspend=n,address=127.0.0.1:56937
Begin MonoManager ReloadAssembly
Registering precompiled unity dll's ...
Register platform support module: /Volumes/KingSSD/Unity/2021.3.21f1/Unity.app/Contents/PlaybackEngines/MacStandaloneSupport/UnityEditor.OSXStandalone.Extensions.dll
Registered in 0.000584 seconds.
Native extension for OSXStandalone target not found
Refreshing native plugins compatible for Editor in 93.72 ms, found 2 plugins.
Preloading 0 native plugins for Editor in 0.00 ms.
Mono: successfully reloaded assembly
- Completed reload, in  0.775 seconds
Domain Reload Profiling:
	ReloadAssembly (776ms)
		BeginReloadAssembly (212ms)
			ExecutionOrderSort (0ms)
			DisableScriptedObjects (0ms)
			BackupInstance (0ms)
			ReleaseScriptingObjects (0ms)
			CreateAndSetChildDomain (1ms)
		EndReloadAssembly (472ms)
			LoadAssemblies (214ms)
			RebuildTransferFunctionScriptingTraits (1ms)
			SetupTypeCache (148ms)
			ReleaseScriptCaches (0ms)
			RebuildScriptCaches (28ms)
			SetupLoadedEditorAssemblies (254ms)
				LogAssemblyErrors (0ms)
				InitializePlatformSupportModulesInManaged (4ms)
				SetLoadedEditorAssemblies (0ms)
				RefreshPlugins (94ms)
				BeforeProcessingInitializeOnLoad (1ms)
				ProcessInitializeOnLoadAttributes (119ms)
				ProcessInitializeOnLoadMethodAttributes (36ms)
				AfterProcessingInitializeOnLoad (0ms)
				EditorAssembliesLoaded (0ms)
			ExecutionOrderSort2 (0ms)
			AwakeInstancesAfterBackupRestoration (0ms)
Platform modules already initialized, skipping
Registering precompiled user dll's ...
Registered in 0.010262 seconds.
Begin MonoManager ReloadAssembly
Symbol file LoadedFromMemory doesn't match image /Volumes/KingSSD/Unity/My project/Library/PackageCache/com.unity.visualscripting@1.8.0/Editor/VisualScripting.Core/Dependencies/YamlDotNet/Unity.VisualScripting.YamlDotNet.dll
Symbol file LoadedFromMemory doesn't match image /Volumes/KingSSD/Unity/My project/Library/PackageCache/com.unity.visualscripting@1.8.0/Editor/VisualScripting.Core/Dependencies/DotNetZip/Unity.VisualScripting.IonicZip.dll
Native extension for OSXStandalone target not found
Refreshing native plugins compatible for Editor in 2.10 ms, found 2 plugins.
Preloading 0 native plugins for Editor in 0.00 ms.
Mono: successfully reloaded assembly
- Completed reload, in  0.873 seconds
Domain Reload Profiling:
	ReloadAssembly (874ms)
		BeginReloadAssembly (109ms)
			ExecutionOrderSort (0ms)
			DisableScriptedObjects (6ms)
			BackupInstance (0ms)
			ReleaseScriptingObjects (0ms)
			CreateAndSetChildDomain (32ms)
		EndReloadAssembly (659ms)
			LoadAssemblies (161ms)
			RebuildTransferFunctionScriptingTraits (0ms)
			SetupTypeCache (225ms)
			ReleaseScriptCaches (2ms)
			RebuildScriptCaches (42ms)
			SetupLoadedEditorAssemblies (221ms)
				LogAssemblyErrors (0ms)
				InitializePlatformSupportModulesInManaged (4ms)
				SetLoadedEditorAssemblies (1ms)
				RefreshPlugins (2ms)
				BeforeProcessingInitializeOnLoad (54ms)
				ProcessInitializeOnLoadAttributes (147ms)
				ProcessInitializeOnLoadMethodAttributes (13ms)
				AfterProcessingInitializeOnLoad (1ms)
				EditorAssembliesLoaded (0ms)
			ExecutionOrderSort2 (0ms)
			AwakeInstancesAfterBackupRestoration (2ms)
Platform modules already initialized, skipping
========================================================================
Worker process is ready to serve import requests
Launching external process: /Volumes/KingSSD/Unity/2021.3.21f1/Unity.app/Contents/Tools/UnityShaderCompiler
Launched and connected shader compiler UnityShaderCompiler after 0.24 seconds
Refreshing native plugins compatible for Editor in 0.44 ms, found 2 plugins.
Preloading 0 native plugins for Editor in 0.00 ms.
Unloading 3047 Unused Serialized files (Serialized files now loaded: 0)
Unloading 24 unused Assets / (85.2 KB). Loaded Objects now: 3507.
Memory consumption went from 102.3 MB to 102.2 MB.
Total: 6.382334 ms (FindLiveObjects: 0.165208 ms CreateObjectMapping: 0.069542 ms MarkObjects: 4.615125 ms  DeleteObjects: 1.531417 ms)

AssetImportParameters requested are different than current active one (requested -> active):
  custom:video-decoder-ogg-theora: a1e56fd34408186e4bbccfd4996cb3dc -> 
  custom:container-muxer-webm: aa71ff27fc2769a1b78a27578f13a17b -> 
  custom:container-demuxer-webm: 4f35f7cbe854078d1ac9338744f61a02 -> 
  custom:video-encoder-webm-vp8: eb34c28f22e8b96e1ab97ce403110664 -> 
  custom:framework-osx-AVFoundation: e770b220cccbd017edd2c1fefb359320 -> 
  custom:audio-encoder-webm-vorbis: bf7c407c2cedff20999df2af8eb42d56 -> 
  custom:container-demuxer-ogg: 62fdf1f143b41e24485cea50d1cbac27 -> 
  custom:video-decoder-webm-vp8: 9c59270c3fd7afecdb556c50c9e8de78 -> 
  custom:audio-decoder-ogg-vorbis: bf7c407c2cedff20999df2af8eb42d56 -> 
========================================================================
Received Import Request.
  Time since last request: 774634.618976 seconds.
  path: Assets/WoodBorder.mat
  artifactKey: Guid(8e32a34e4d67749339be14b329d395c7) Importer(815301076,1909f56bfc062723c751e8b465ee728b)
Start importing Assets/WoodBorder.mat using Guid(8e32a34e4d67749339be14b329d395c7) Importer(815301076,1909f56bfc062723c751e8b465ee728b)  -> (artifact id: 'fd26a3647043788dde08444ccf6d7473') in 0.258798 seconds 
========================================================================
Received Import Request.
  Time since last request: 146.695267 seconds.
  path: Assets/sand.mat
  artifactKey: Guid(40a62536b307641c6b2e973f35e3e22e) Importer(815301076,1909f56bfc062723c751e8b465ee728b)
Start importing Assets/sand.mat using Guid(40a62536b307641c6b2e973f35e3e22e) Importer(815301076,1909f56bfc062723c751e8b465ee728b)  -> (artifact id: '0b94aaa83d764debbcbdc6c54fcbcc84') in 0.025073 seconds 
========================================================================
Received Import Request.
  Time since last request: 2384.340166 seconds.
  path: Assets/Stand.mat
  artifactKey: Guid(b4052fdfafdf34c5ba6c946bb3cdd429) Importer(815301076,1909f56bfc062723c751e8b465ee728b)
Start importing Assets/Stand.mat using Guid(b4052fdfafdf34c5ba6c946bb3cdd429) Importer(815301076,1909f56bfc062723c751e8b465ee728b)  -> (artifact id: '9717b04aeb76c311038bfc5ca675b8cd') in 0.069023 seconds 
========================================================================
Received Import Request.
  Time since last request: 373.327706 seconds.
  path: Assets/New Material.mat
  artifactKey: Guid(e67cf38f903fd4a0caf0a15059b9748d) Importer(815301076,1909f56bfc062723c751e8b465ee728b)
Start importing Assets/New Material.mat using Guid(e67cf38f903fd4a0caf0a15059b9748d) Importer(815301076,1909f56bfc062723c751e8b465ee728b)  -> (artifact id: 'b3f427989a53c5f22fae8d4a07557740') in 0.058247 seconds 
========================================================================
Received Import Request.
  Time since last request: 1280.910782 seconds.
  path: Assets/grass.mat
  artifactKey: Guid(5c7c4ddae168d4b25b00a6a98278896a) Importer(815301076,1909f56bfc062723c751e8b465ee728b)
Start importing Assets/grass.mat using Guid(5c7c4ddae168d4b25b00a6a98278896a) Importer(815301076,1909f56bfc062723c751e8b465ee728b)  -> (artifact id: '273d149f5f0253c1e9f53bf5f966d626') in 0.108769 seconds 
========================================================================
Received Import Request.
  Time since last request: 0.000111 seconds.
  path: Assets/Stand.mat
  artifactKey: Guid(b4052fdfafdf34c5ba6c946bb3cdd429) Importer(815301076,1909f56bfc062723c751e8b465ee728b)
Start importing Assets/Stand.mat using Guid(b4052fdfafdf34c5ba6c946bb3cdd429) Importer(815301076,1909f56bfc062723c751e8b465ee728b)  -> (artifact id: '1eb58308d3535d3dbb0af0b0a06250a8') in 0.013123 seconds 
========================================================================
Received Import Request.
  Time since last request: 0.000065 seconds.
  path: Assets/sand.mat
  artifactKey: Guid(40a62536b307641c6b2e973f35e3e22e) Importer(815301076,1909f56bfc062723c751e8b465ee728b)
Start importing Assets/sand.mat using Guid(40a62536b307641c6b2e973f35e3e22e) Importer(815301076,1909f56bfc062723c751e8b465ee728b)  -> (artifact id: 'e1eaa8c4f25c9f0a5a6651a04e3fcfa6') in 0.015985 seconds 
========================================================================
Received Import Request.
  Time since last request: 0.000035 seconds.
  path: Assets/WoodBorder.mat
  artifactKey: Guid(8e32a34e4d67749339be14b329d395c7) Importer(815301076,1909f56bfc062723c751e8b465ee728b)
Start importing Assets/WoodBorder.mat using Guid(8e32a34e4d67749339be14b329d395c7) Importer(815301076,1909f56bfc062723c751e8b465ee728b)  -> (artifact id: '677d16ef8c331a2d50649e3800655f3e') in 0.012971 seconds 
